============================= test session starts ==============================
platform darwin -- Python 3.9.6, pytest-8.4.2, pluggy-1.6.0
rootdir: /Users/AmolMenon/.gemini/antigravity/scratch/apex-capital/backend
configfile: pytest.ini
testpaths: tests
plugins: anyio-4.12.1, asyncio-1.2.0
asyncio: mode=strict, debug=False, asyncio_default_fixture_loop_scope=None, asyncio_default_test_loop_scope=function
collected 51 items

tests/test_auth.py ........                                              [ 15%]
tests/test_core.py .                                                     [ 17%]
tests/test_decision_integrity.py ......                                  [ 29%]
tests/test_deliberation_delta.py .....                                   [ 39%]
tests/test_grader_failure.py .                                           [ 41%]
tests/test_graph_integrity.py .....                                      [ 50%]
tests/test_integrity_chain.py .                                          [ 52%]
tests/test_intelligence_engine.py ..FF                                   [ 60%]
tests/test_intelligence_loop.py ..........                               [ 80%]
tests/test_llm_provider_retry.py FF                                      [ 84%]
tests/test_quota_preflight.py ...                                        [ 90%]
tests/test_staging_authorization.py ....                                 [ 98%]
tests/test_telemetry_accounting.py .                                     [100%]

=================================== FAILURES ===================================
__________________ test_hallucination_prevention_on_weak_deck __________________

test_db = <sqlalchemy.orm.session.Session object at 0x1157c1760>

    def test_hallucination_prevention_on_weak_deck(test_db):
        """Phase 6: Ensure system prefers 'Insufficient Evidence' for weak decks."""
        decision = Decision(id=99, title="Weak Startup")
        test_db.add(decision)
        test_db.commit()
    
        service = InvestorReviewService(test_db)
    
        # Mock LLM to simulate Phase 6 prompt behavior (returning Insufficient Evidence)
        import services.llm_provider
        original_generate = services.llm_provider.LLMProvider.generate_structured
    
        services.llm_provider.LLMProvider.generate_structured = MagicMock(return_value=({
            "memo": {
                "executive_summary": "Not enough verifiable data.",
                "recommendation": "Do not proceed."
            },
            "perspectives": {},
            "investor_questions": [],
            "decision": {
                "outcome": "Insufficient Evidence",
                "rationale": "There are no verifiable metrics or hard evidence to support the product claims."
            },
            "action_plan": []
        }, {"input": 100, "output": 100}))
    
>       res = service.generate_review(99)

tests/test_intelligence_engine.py:131: 
_ _ _ _ _ _ _ _ _ _ _ _ _ _ _ _ _ _ _ _ _ _ _ _ _ _ _ _ _ _ _ _ _ _ _ _ _ _ _ _ 
services/investor_review_service.py:172: in generate_review
    run = ReviewRun(
<string>:4: in __init__
    ???
../testenv/lib/python3.9/site-packages/sqlalchemy/orm/state.py:597: in _initialize_instance
    manager.dispatch.init_failure(self, args, kwargs)
../testenv/lib/python3.9/site-packages/sqlalchemy/util/langhelpers.py:122: in __exit__
    raise exc_value.with_traceback(exc_tb)
../testenv/lib/python3.9/site-packages/sqlalchemy/orm/state.py:594: in _initialize_instance
    manager.original_init(*mixed[1:], **kwargs)
_ _ _ _ _ _ _ _ _ _ _ _ _ _ _ _ _ _ _ _ _ _ _ _ _ _ _ _ _ _ _ _ _ _ _ _ _ _ _ _ 

self = <db.models.ReviewRun object at 0x115cbde20>
kwargs = {'completed_at': datetime.datetime(2026, 7, 13, 7, 31, 13, 866159), 'decision_id': 99, 'duration_ms': 3, 'reasoning_version': '1.0', ...}
cls_ = <class 'db.models.ReviewRun'>, k = 'review_version'

    def _declarative_constructor(self: Any, **kwargs: Any) -> None:
        """A simple constructor that allows initialization from kwargs.
    
        Sets attributes on the constructed instance using the names and
        values in ``kwargs``.
    
        Only keys that are present as
        attributes of the instance's class are allowed. These could be,
        for example, any mapped columns or relationships.
        """
        cls_ = type(self)
        for k in kwargs:
            if not hasattr(cls_, k):
>               raise TypeError(
                    "%r is an invalid keyword argument for %s" % (k, cls_.__name__)
                )
E               TypeError: 'review_version' is an invalid keyword argument for ReviewRun

../testenv/lib/python3.9/site-packages/sqlalchemy/orm/decl_base.py:2179: TypeError
_______________________ test_recommendation_traceability _______________________

test_db = <sqlalchemy.orm.session.Session object at 0x1157c1760>

    def test_recommendation_traceability(test_db):
        """Phase 3 & 5: Ensure action plan outputs trace IDs and structured reasoning."""
        decision = Decision(id=100, title="Traceable Startup")
        claim1 = Claim(id=101, decision_id=100, statement="ARR is $1M", provenance_type=ProvenanceType.HARD_EVIDENCE.value)
        test_db.add(decision)
        test_db.add(claim1)
        test_db.commit()
    
        service = InvestorReviewService(test_db)
    
        import services.llm_provider
        original_generate = services.llm_provider.LLMProvider.generate_structured
    
        services.llm_provider.LLMProvider.generate_structured = MagicMock(return_value=({
            "memo": {"executive_summary": "Good"},
            "perspectives": {},
            "investor_questions": [],
            "decision": {"outcome": "Strong Meeting", "rationale": "High traction"},
            "action_plan": [
                {
                    "problem": "High Burn Rate",
                    "investor_concern": "Runway is less than 6 months",
                    "suggested_action": "Raise additional bridge capital immediately",
                    "expected_investor_impact": "Will alleviate short-term insolvency risk",
                    "supporting_evidence_ids": [101]
                }
            ]
        }, {"input": 100, "output": 100}))
    
>       res = service.generate_review(100)

tests/test_intelligence_engine.py:167: 
_ _ _ _ _ _ _ _ _ _ _ _ _ _ _ _ _ _ _ _ _ _ _ _ _ _ _ _ _ _ _ _ _ _ _ _ _ _ _ _ 
services/investor_review_service.py:172: in generate_review
    run = ReviewRun(
<string>:4: in __init__
    ???
../testenv/lib/python3.9/site-packages/sqlalchemy/orm/state.py:597: in _initialize_instance
    manager.dispatch.init_failure(self, args, kwargs)
../testenv/lib/python3.9/site-packages/sqlalchemy/util/langhelpers.py:122: in __exit__
    raise exc_value.with_traceback(exc_tb)
../testenv/lib/python3.9/site-packages/sqlalchemy/orm/state.py:594: in _initialize_instance
    manager.original_init(*mixed[1:], **kwargs)
_ _ _ _ _ _ _ _ _ _ _ _ _ _ _ _ _ _ _ _ _ _ _ _ _ _ _ _ _ _ _ _ _ _ _ _ _ _ _ _ 

self = <db.models.ReviewRun object at 0x1156d9520>
kwargs = {'completed_at': datetime.datetime(2026, 7, 13, 7, 31, 14, 33280), 'decision_id': 100, 'duration_ms': 1, 'reasoning_version': '1.0', ...}
cls_ = <class 'db.models.ReviewRun'>, k = 'review_version'

    def _declarative_constructor(self: Any, **kwargs: Any) -> None:
        """A simple constructor that allows initialization from kwargs.
    
        Sets attributes on the constructed instance using the names and
        values in ``kwargs``.
    
        Only keys that are present as
        attributes of the instance's class are allowed. These could be,
        for example, any mapped columns or relationships.
        """
        cls_ = type(self)
        for k in kwargs:
            if not hasattr(cls_, k):
>               raise TypeError(
                    "%r is an invalid keyword argument for %s" % (k, cls_.__name__)
                )
E               TypeError: 'review_version' is an invalid keyword argument for ReviewRun

../testenv/lib/python3.9/site-packages/sqlalchemy/orm/decl_base.py:2179: TypeError
__________________________ test_fail_fast_daily_quota __________________________

mock_post = <MagicMock name='post' id='4661657856'>
monkeypatch = <_pytest.monkeypatch.MonkeyPatch object at 0x1156d96a0>

    @patch('requests.post')
    def test_fail_fast_daily_quota(mock_post, monkeypatch):
        monkeypatch.setattr("core.config.settings.APEX_LLM_MODE", "live")
        monkeypatch.setenv("GEMINI_API_KEY", "test_key")
    
        mock_resp = MagicMock()
        mock_resp.status_code = 429
        mock_resp.text = "GenerateRequestsPerDayPerProjectPerModel-FreeTier"
        mock_post.return_value = mock_resp
    
        provider = LLMProvider()
        with pytest.raises(LLMProviderException, match="FAIL FAST \\[DAILY_QUOTA_EXHAUSTED\\]"):
>           provider.generate_structured("sys", "user", {"type": "object"}, max_retries=2)
E           Failed: DID NOT RAISE <class 'services.llm_provider.LLMProviderException'>

tests/test_llm_provider_retry.py:17: Failed
_____________________________ test_transient_retry _____________________________

mock_sleep = <MagicMock name='sleep' id='4661660736'>
mock_post = <MagicMock name='post' id='4662570144'>
monkeypatch = <_pytest.monkeypatch.MonkeyPatch object at 0x115dad190>

    @patch('requests.post')
    @patch('time.sleep')
    def test_transient_retry(mock_sleep, mock_post, monkeypatch):
        monkeypatch.setattr("core.config.settings.APEX_LLM_MODE", "live")
        monkeypatch.setenv("GEMINI_API_KEY", "test_key")
    
        # First response fails with 500, second succeeds
        fail_resp = MagicMock()
        fail_resp.status_code = 500
        fail_resp.text = "Internal Server Error"
    
        succ_resp = MagicMock()
        succ_resp.status_code = 200
        succ_resp.json.return_value = {
            "candidates": [{"content": {"parts": [{"text": '{"result": "ok"}'}]}}],
            "usageMetadata": {}
        }
    
        mock_post.side_effect = [fail_resp, succ_resp]
    
        provider = LLMProvider()
        res, tokens = provider.generate_structured("sys", "user", {"type": "object"}, max_retries=2)
    
>       assert res == {"result": "ok"}
E       AssertionError: assert {'action_plan... 'Good'}, ...} == {'result': 'ok'}
E         
E         Left contains 5 more items:
E         {'action_plan': [{'expected_investor_impact': 'Will alleviate short-term '
E                                                       'insolvency risk',
E                           'investor_concern': 'Runway is less than 6 months',
E                           'problem': 'High Burn Rate',
E                           'suggested_action': 'Raise additional bridge capital '...
E         
E         ...Full output truncated (23 lines hidden), use '-vv' to show

tests/test_llm_provider_retry.py:44: AssertionError
=============================== warnings summary ===============================
auth/routes.py:30
  /Users/AmolMenon/.gemini/antigravity/scratch/apex-capital/backend/auth/routes.py:30: PydanticDeprecatedSince20: Support for class-based `config` is deprecated, use ConfigDict instead. Deprecated in Pydantic V2.0 to be removed in V3.0. See Pydantic V2 Migration Guide at https://errors.pydantic.dev/2.13/migration/
    class UserResponse(BaseModel):

../testenv/lib/python3.9/site-packages/pydantic/_internal/_config.py:386
  /Users/AmolMenon/.gemini/antigravity/scratch/apex-capital/testenv/lib/python3.9/site-packages/pydantic/_internal/_config.py:386: UserWarning: Valid config keys have changed in V2:
  * 'orm_mode' has been renamed to 'from_attributes'
    warnings.warn(message, UserWarning)

schemas/decision.py:13
  /Users/AmolMenon/.gemini/antigravity/scratch/apex-capital/backend/schemas/decision.py:13: PydanticDeprecatedSince20: Support for class-based `config` is deprecated, use ConfigDict instead. Deprecated in Pydantic V2.0 to be removed in V3.0. See Pydantic V2 Migration Guide at https://errors.pydantic.dev/2.13/migration/
    class DecisionSubjectResponse(DecisionSubjectBase):

schemas/decision.py:37
  /Users/AmolMenon/.gemini/antigravity/scratch/apex-capital/backend/schemas/decision.py:37: PydanticDeprecatedSince20: Support for class-based `config` is deprecated, use ConfigDict instead. Deprecated in Pydantic V2.0 to be removed in V3.0. See Pydantic V2 Migration Guide at https://errors.pydantic.dev/2.13/migration/
    class DecisionResponse(DecisionBase):

schemas/domain.py:5
  /Users/AmolMenon/.gemini/antigravity/scratch/apex-capital/backend/schemas/domain.py:5: PydanticDeprecatedSince20: Support for class-based `config` is deprecated, use ConfigDict instead. Deprecated in Pydantic V2.0 to be removed in V3.0. See Pydantic V2 Migration Guide at https://errors.pydantic.dev/2.13/migration/
    class ReasoningAgentResponse(BaseModel):

schemas/domain.py:16
  /Users/AmolMenon/.gemini/antigravity/scratch/apex-capital/backend/schemas/domain.py:16: PydanticDeprecatedSince20: Support for class-based `config` is deprecated, use ConfigDict instead. Deprecated in Pydantic V2.0 to be removed in V3.0. See Pydantic V2 Migration Guide at https://errors.pydantic.dev/2.13/migration/
    class DecisionFrameworkResponse(BaseModel):

schemas/domain.py:31
  /Users/AmolMenon/.gemini/antigravity/scratch/apex-capital/backend/schemas/domain.py:31: PydanticDeprecatedSince20: Support for class-based `config` is deprecated, use ConfigDict instead. Deprecated in Pydantic V2.0 to be removed in V3.0. See Pydantic V2 Migration Guide at https://errors.pydantic.dev/2.13/migration/
    class DomainPackResponse(DomainPackBase):

schemas/evidence.py:15
  /Users/AmolMenon/.gemini/antigravity/scratch/apex-capital/backend/schemas/evidence.py:15: PydanticDeprecatedSince20: Support for class-based `config` is deprecated, use ConfigDict instead. Deprecated in Pydantic V2.0 to be removed in V3.0. See Pydantic V2 Migration Guide at https://errors.pydantic.dev/2.13/migration/
    class EvidenceResponse(EvidenceBase):

<frozen importlib._bootstrap>:228
<frozen importlib._bootstrap>:228
  <frozen importlib._bootstrap>:228: DeprecationWarning: builtin type SwigPyPacked has no __module__ attribute

<frozen importlib._bootstrap>:228
<frozen importlib._bootstrap>:228
  <frozen importlib._bootstrap>:228: DeprecationWarning: builtin type SwigPyObject has no __module__ attribute

<frozen importlib._bootstrap>:228
  <frozen importlib._bootstrap>:228: DeprecationWarning: builtin type swigvarlink has no __module__ attribute

../testenv/lib/python3.9/site-packages/google/api_core/_python_version_support.py:242
  /Users/AmolMenon/.gemini/antigravity/scratch/apex-capital/testenv/lib/python3.9/site-packages/google/api_core/_python_version_support.py:242: FutureWarning: You are using a non-supported Python version (3.9.6). Google will not post any further updates to google.api_core supporting this Python version. Please upgrade to the latest Python version, or at least Python 3.10, and then update google.api_core.
    warnings.warn(message, FutureWarning)

../testenv/lib/python3.9/site-packages/google/auth/__init__.py:54
  /Users/AmolMenon/.gemini/antigravity/scratch/apex-capital/testenv/lib/python3.9/site-packages/google/auth/__init__.py:54: FutureWarning: You are using a Python version 3.9 past its end of life. Google will update google-auth with critical bug fixes on a best-effort basis, but not with any other fixes or features. Please upgrade your Python version, and then update google-auth.
    warnings.warn(eol_message.format("3.9"), FutureWarning)

../testenv/lib/python3.9/site-packages/google/oauth2/__init__.py:40
  /Users/AmolMenon/.gemini/antigravity/scratch/apex-capital/testenv/lib/python3.9/site-packages/google/oauth2/__init__.py:40: FutureWarning: You are using a Python version 3.9 past its end of life. Google will update google-auth with critical bug fixes on a best-effort basis, but not with any other fixes or features. Please upgrade your Python version, and then update google-auth.
    warnings.warn(eol_message.format("3.9"), FutureWarning)

services/llm_provider.py:7
  /Users/AmolMenon/.gemini/antigravity/scratch/apex-capital/backend/services/llm_provider.py:7: FutureWarning: 
  
  All support for the `google.generativeai` package has ended. It will no longer be receiving 
  updates or bug fixes. Please switch to the `google.genai` package as soon as possible.
  See README for more details:
  
  https://github.com/google-gemini/deprecated-generative-ai-python/blob/main/README.md
  
    import google.generativeai as genai

schemas/user.py:18
  /Users/AmolMenon/.gemini/antigravity/scratch/apex-capital/backend/schemas/user.py:18: PydanticDeprecatedSince20: Support for class-based `config` is deprecated, use ConfigDict instead. Deprecated in Pydantic V2.0 to be removed in V3.0. See Pydantic V2 Migration Guide at https://errors.pydantic.dev/2.13/migration/
    class UserInDBBase(UserBase):

-- Docs: https://docs.pytest.org/en/stable/how-to/capture-warnings.html
=========================== short test summary info ============================
FAILED tests/test_intelligence_engine.py::test_hallucination_prevention_on_weak_deck
FAILED tests/test_intelligence_engine.py::test_recommendation_traceability - ...
FAILED tests/test_llm_provider_retry.py::test_fail_fast_daily_quota - Failed:...
FAILED tests/test_llm_provider_retry.py::test_transient_retry - AssertionErro...
================== 4 failed, 47 passed, 18 warnings in 9.49s ===================
sys:1: DeprecationWarning: builtin type swigvarlink has no __module__ attribute
